11:11:28 PM  [main] 	Initializing Control Panel
11:11:28 PM  [main] 	Windows Version:  Home  64-bit
11:11:28 PM  [main] 	XAMPP Version: 8.1.12
11:11:28 PM  [main] 	Control Panel Version: 3.3.0  [ Compiled: Apr 6th 2021 ]
11:11:28 PM  [main] 	Running with Administrator rights - good!
11:11:28 PM  [main] 	XAMPP Installation Directory: "c:\xampp\"
11:11:28 PM  [main] 	Checking for prerequisites
11:11:29 PM  [main] 	All prerequisites found
11:11:29 PM  [main] 	Initializing Modules
11:11:29 PM  [main] 	Starting Check-Timer
11:11:29 PM  [main] 	Control Panel Ready
11:11:37 PM  [Apache] 	Installing service...
11:11:37 PM  [Apache] 	Successful!
11:11:39 PM  [mysql] 	Installing service...
11:11:40 PM  [mysql] 	Successful!
11:11:42 PM  [filezilla] 	Setting Service Name...
11:11:42 PM  [filezilla] 	Setting Service Display Name...
11:11:42 PM  [filezilla] 	Installing service...
11:11:42 PM  [filezilla] 	Successful!
11:11:44 PM  [Tomcat] 	Installing service...
11:11:44 PM  [Tomcat] 	Service was NOT (un)installed!
11:21:45 PM  [mysql] 	Attempting to start MySQL service...
11:21:46 PM  [mysql] 	Status change detected: running
11:21:56 PM  [main] 	Executing "c:\xampp\mysql"
11:29:40 PM  [Apache] 	Attempting to start Apache service...
11:29:41 PM  [Apache] 	Status change detected: running
11:46:46 PM  [Tomcat] 	Installing service...
11:46:46 PM  [Tomcat] 	Service was NOT (un)installed!
11:48:31 PM  [main] 	Deinitializing Modules
11:48:31 PM  [main] 	Deinitializing Control Panel

9:14:14 PM  [main] 	Initializing Control Panel
9:14:14 PM  [main] 	Windows Version:  Home  64-bit
9:14:14 PM  [main] 	XAMPP Version: 8.1.12
9:14:14 PM  [main] 	Control Panel Version: 3.3.0  [ Compiled: Apr 6th 2021 ]
9:14:14 PM  [main] 	Running with Administrator rights - good!
9:14:14 PM  [main] 	XAMPP Installation Directory: "c:\xampp\"
9:14:14 PM  [main] 	Checking for prerequisites
9:14:15 PM  [main] 	All prerequisites found
9:14:15 PM  [main] 	Initializing Modules
9:14:15 PM  [Apache] 	XAMPP Apache Service is already running on port 80
9:14:15 PM  [Apache] 	XAMPP Apache Service is already running on port 443
9:14:15 PM  [mysql] 	XAMPP MySQL Service is already running on port 3306
9:14:15 PM  [filezilla] 	XAMPP FileZilla Service is already running on port 21
9:14:15 PM  [filezilla] 	XAMPP FileZilla Service is already running on port 14147
9:14:15 PM  [main] 	Starting Check-Timer
9:14:15 PM  [main] 	Control Panel Ready
9:49:42 AM  [main] 	Deinitializing Modules
9:49:42 AM  [main] 	Deinitializing Control Panel

4:18:56 PM  [main] 	Initializing Control Panel
4:18:56 PM  [main] 	Windows Version:  Home  64-bit
4:18:56 PM  [main] 	XAMPP Version: 8.1.12
4:18:56 PM  [main] 	Control Panel Version: 3.3.0  [ Compiled: Apr 6th 2021 ]
4:18:56 PM  [main] 	Running with Administrator rights - good!
4:18:56 PM  [main] 	XAMPP Installation Directory: "c:\xampp\"
4:18:56 PM  [main] 	Checking for prerequisites
4:18:57 PM  [main] 	All prerequisites found
4:18:57 PM  [main] 	Initializing Modules
4:18:57 PM  [Apache] 	XAMPP Apache Service is already running on port 80
4:18:57 PM  [Apache] 	XAMPP Apache Service is already running on port 443
4:18:57 PM  [mysql] 	XAMPP MySQL Service is already running on port 3306
4:18:57 PM  [filezilla] 	XAMPP FileZilla Service is already running on port 21
4:18:57 PM  [filezilla] 	XAMPP FileZilla Service is already running on port 14147
4:18:57 PM  [main] 	Starting Check-Timer
4:18:57 PM  [main] 	Control Panel Ready
4:19:04 PM  [filezilla] 	Attempting to stop FileZilla service...
4:19:04 PM  [filezilla] 	Status change detected: stopped
5:26:53 PM  [main] 	Deinitializing Modules
5:26:53 PM  [main] 	Deinitializing Control Panel

8:10:39 PM  [main] 	Initializing Control Panel
8:10:39 PM  [main] 	Windows Version:  Home  64-bit
8:10:39 PM  [main] 	XAMPP Version: 8.1.12
8:10:39 PM  [main] 	Control Panel Version: 3.3.0  [ Compiled: Apr 6th 2021 ]
8:10:39 PM  [main] 	Running with Administrator rights - good!
8:10:39 PM  [main] 	XAMPP Installation Directory: "c:\xampp\"
8:10:39 PM  [main] 	Checking for prerequisites
8:10:40 PM  [main] 	All prerequisites found
8:10:40 PM  [main] 	Initializing Modules
8:10:40 PM  [Apache] 	XAMPP Apache Service is already running on port 80
8:10:40 PM  [Apache] 	XAMPP Apache Service is already running on port 443
8:10:40 PM  [mysql] 	XAMPP MySQL Service is already running on port 3306
8:10:40 PM  [filezilla] 	XAMPP FileZilla Service is already running on port 21
8:10:40 PM  [filezilla] 	XAMPP FileZilla Service is already running on port 14147
8:10:40 PM  [main] 	Starting Check-Timer
8:10:40 PM  [main] 	Control Panel Ready
8:10:43 PM  [filezilla] 	Attempting to stop FileZilla service...
8:10:43 PM  [filezilla] 	Status change detected: stopped
1:20:23 AM  [main] 	Deinitializing Modules
1:20:23 AM  [main] 	Deinitializing Control Panel

5:01:53 PM  [main] 	Initializing Control Panel
5:01:53 PM  [main] 	Windows Version:  Home  64-bit
5:01:53 PM  [main] 	XAMPP Version: 8.1.12
5:01:53 PM  [main] 	Control Panel Version: 3.3.0  [ Compiled: Apr 6th 2021 ]
5:01:53 PM  [main] 	Running with Administrator rights - good!
5:01:53 PM  [main] 	XAMPP Installation Directory: "c:\xampp\"
5:01:53 PM  [main] 	Checking for prerequisites
5:01:55 PM  [main] 	All prerequisites found
5:01:55 PM  [main] 	Initializing Modules
5:01:55 PM  [Apache] 	XAMPP Apache Service is already running on port 80
5:01:55 PM  [Apache] 	XAMPP Apache Service is already running on port 443
5:01:55 PM  [mysql] 	XAMPP MySQL Service is already running on port 3306
5:01:55 PM  [filezilla] 	XAMPP FileZilla Service is already running on port 21
5:01:55 PM  [filezilla] 	XAMPP FileZilla Service is already running on port 14147
5:01:55 PM  [main] 	Starting Check-Timer
5:01:55 PM  [main] 	Control Panel Ready
5:31:57 PM  [main] 	Deinitializing Modules
5:31:57 PM  [main] 	Deinitializing Control Panel

6:10:55 PM  [main] 	Initializing Control Panel
6:10:55 PM  [main] 	Windows Version:  Home  64-bit
6:10:55 PM  [main] 	XAMPP Version: 8.1.12
6:10:55 PM  [main] 	Control Panel Version: 3.3.0  [ Compiled: Apr 6th 2021 ]
6:10:55 PM  [main] 	Running with Administrator rights - good!
6:10:55 PM  [main] 	XAMPP Installation Directory: "c:\xampp\"
6:10:55 PM  [main] 	Checking for prerequisites
6:10:57 PM  [main] 	All prerequisites found
6:10:57 PM  [main] 	Initializing Modules
6:10:57 PM  [Apache] 	XAMPP Apache Service is already running on port 80
6:10:57 PM  [Apache] 	XAMPP Apache Service is already running on port 443
6:10:57 PM  [mysql] 	XAMPP MySQL Service is already running on port 3306
6:10:57 PM  [filezilla] 	XAMPP FileZilla Service is already running on port 21
6:10:57 PM  [filezilla] 	XAMPP FileZilla Service is already running on port 14147
6:10:57 PM  [main] 	Starting Check-Timer
6:10:57 PM  [main] 	Control Panel Ready
9:57:12 PM  [main] 	Deinitializing Modules
9:57:12 PM  [main] 	Deinitializing Control Panel

1:27:23 PM  [main] 	Initializing Control Panel
1:27:23 PM  [main] 	Windows Version:  Home  64-bit
1:27:23 PM  [main] 	XAMPP Version: 8.1.12
1:27:23 PM  [main] 	Control Panel Version: 3.3.0  [ Compiled: Apr 6th 2021 ]
1:27:23 PM  [main] 	Running with Administrator rights - good!
1:27:23 PM  [main] 	XAMPP Installation Directory: "c:\xampp\"
1:27:23 PM  [main] 	Checking for prerequisites
1:27:24 PM  [main] 	All prerequisites found
1:27:24 PM  [main] 	Initializing Modules
1:27:24 PM  [Apache] 	XAMPP Apache Service is already running on port 80
1:27:24 PM  [Apache] 	XAMPP Apache Service is already running on port 443
1:27:24 PM  [mysql] 	XAMPP MySQL Service is already running on port 3306
1:27:24 PM  [filezilla] 	XAMPP FileZilla Service is already running on port 21
1:27:24 PM  [filezilla] 	XAMPP FileZilla Service is already running on port 14147
1:27:24 PM  [main] 	Starting Check-Timer
1:27:24 PM  [main] 	Control Panel Ready
9:03:33 PM  [main] 	Deinitializing Modules
9:03:33 PM  [main] 	Deinitializing Control Panel

11:02:21 AM  [main] 	Initializing Control Panel
11:02:21 AM  [main] 	Windows Version:  Home  64-bit
11:02:21 AM  [main] 	XAMPP Version: 8.1.12
11:02:21 AM  [main] 	Control Panel Version: 3.3.0  [ Compiled: Apr 6th 2021 ]
11:02:21 AM  [main] 	Running with Administrator rights - good!
11:02:21 AM  [main] 	XAMPP Installation Directory: "c:\xampp\"
11:02:21 AM  [main] 	Checking for prerequisites
11:02:22 AM  [main] 	All prerequisites found
11:02:22 AM  [main] 	Initializing Modules
11:02:22 AM  [Apache] 	XAMPP Apache Service is already running on port 80
11:02:22 AM  [Apache] 	XAMPP Apache Service is already running on port 443
11:02:22 AM  [filezilla] 	XAMPP FileZilla Service is already running on port 21
11:02:22 AM  [filezilla] 	XAMPP FileZilla Service is already running on port 14147
11:02:22 AM  [main] 	Starting Check-Timer
11:02:22 AM  [main] 	Control Panel Ready
12:13:37 PM  [main] 	Deinitializing Modules
12:13:37 PM  [main] 	Deinitializing Control Panel

